d:\github\vistavolumerendering\render\render\debug\vc140.pdb
d:\github\vistavolumerendering\render\render\debug\vc140.idb
d:\github\vistavolumerendering\render\render\debug\camera.obj
d:\github\vistavolumerendering\render\render\debug\compileshaders.obj
d:\github\vistavolumerendering\render\render\debug\createwindow.obj
d:\github\vistavolumerendering\render\render\debug\datacube.obj
d:\github\vistavolumerendering\render\render\debug\loaddicom.obj
d:\github\vistavolumerendering\render\render\debug\main.obj
d:\github\vistavolumerendering\render\render\debug\marchingcubes.obj
d:\github\vistavolumerendering\render\render\debug\rawloader.obj
d:\github\vistavolumerendering\render\render\debug\screenfillingquad.obj
d:\github\vistavolumerendering\render\render\debug\utilities.obj
d:\github\vistavolumerendering\render\debug\render.ilk
d:\github\vistavolumerendering\render\debug\render.exe
d:\github\vistavolumerendering\render\debug\render.pdb
d:\github\vistavolumerendering\render\render\debug\render.tlog\cl.command.1.tlog
d:\github\vistavolumerendering\render\render\debug\render.tlog\cl.read.1.tlog
d:\github\vistavolumerendering\render\render\debug\render.tlog\cl.write.1.tlog
d:\github\vistavolumerendering\render\render\debug\render.tlog\link.command.1.tlog
d:\github\vistavolumerendering\render\render\debug\render.tlog\link.read.1.tlog
d:\github\vistavolumerendering\render\render\debug\render.tlog\link.write.1.tlog
