d:\github\vistavolumerendering\render\render\x64\debug\vc140.pdb
d:\github\vistavolumerendering\render\render\x64\debug\vc140.idb
d:\github\vistavolumerendering\render\render\x64\debug\localprobewindow.obj
d:\github\vistavolumerendering\render\render\x64\debug\camera.obj
d:\github\vistavolumerendering\render\render\x64\debug\compileshaders.obj
d:\github\vistavolumerendering\render\render\x64\debug\createwindow.obj
d:\github\vistavolumerendering\render\render\x64\debug\datacube.obj
d:\github\vistavolumerendering\render\render\x64\debug\filteredhistogram.obj
d:\github\vistavolumerendering\render\render\x64\debug\histogram.obj
d:\github\vistavolumerendering\render\render\x64\debug\histogramwindow.obj
d:\github\vistavolumerendering\render\render\x64\debug\loaddicom.obj
d:\github\vistavolumerendering\render\render\x64\debug\main.obj
d:\github\vistavolumerendering\render\render\x64\debug\rawloader.obj
d:\github\vistavolumerendering\render\render\x64\debug\renderglobalhistogram.obj
d:\github\vistavolumerendering\render\render\x64\debug\rendervolume.obj
d:\github\vistavolumerendering\render\render\x64\debug\screenfillingquad.obj
d:\github\vistavolumerendering\render\render\x64\debug\utilities.obj
d:\github\vistavolumerendering\render\render\x64\debug\renderlocalhistogram.obj
d:\github\vistavolumerendering\render\render\x64\debug\volumerenderwindow.obj
d:\github\vistavolumerendering\render\render\x64\debug\renderprobehistogram.obj
d:\github\vistavolumerendering\render\x64\debug\render.exe
d:\github\vistavolumerendering\render\x64\debug\render.pdb
d:\github\vistavolumerendering\render\render\x64\debug\render.tlog\cl.command.1.tlog
d:\github\vistavolumerendering\render\render\x64\debug\render.tlog\cl.read.1.tlog
d:\github\vistavolumerendering\render\render\x64\debug\render.tlog\cl.write.1.tlog
d:\github\vistavolumerendering\render\render\x64\debug\render.tlog\link.command.1.tlog
d:\github\vistavolumerendering\render\render\x64\debug\render.tlog\link.read.1.tlog
d:\github\vistavolumerendering\render\render\x64\debug\render.tlog\link.write.1.tlog
